[07-Apr-2016 00:47:56 UTC] PHP Warning:  Illegal offset type in isset or empty in /Applications/MAMP/htdocs/jetstream-aviation/wp-includes/class-wp-walker.php on line 140
[07-Apr-2016 00:47:56 UTC] PHP Warning:  Illegal offset type in isset or empty in /Applications/MAMP/htdocs/jetstream-aviation/wp-includes/class-wp-walker.php on line 149
[07-Apr-2016 00:47:56 UTC] PHP Warning:  Illegal offset type in isset or empty in /Applications/MAMP/htdocs/jetstream-aviation/wp-includes/class-wp-walker.php on line 140
[07-Apr-2016 00:47:56 UTC] PHP Warning:  Illegal offset type in isset or empty in /Applications/MAMP/htdocs/jetstream-aviation/wp-includes/class-wp-walker.php on line 149
[07-Apr-2016 00:47:56 UTC] PHP Warning:  Illegal offset type in isset or empty in /Applications/MAMP/htdocs/jetstream-aviation/wp-includes/class-wp-walker.php on line 140
[07-Apr-2016 00:47:56 UTC] PHP Warning:  Illegal offset type in isset or empty in /Applications/MAMP/htdocs/jetstream-aviation/wp-includes/class-wp-walker.php on line 149
[07-Apr-2016 00:47:56 UTC] PHP Warning:  Illegal offset type in isset or empty in /Applications/MAMP/htdocs/jetstream-aviation/wp-includes/class-wp-walker.php on line 140
[07-Apr-2016 00:47:56 UTC] PHP Warning:  Illegal offset type in isset or empty in /Applications/MAMP/htdocs/jetstream-aviation/wp-includes/class-wp-walker.php on line 149
[07-Apr-2016 00:47:56 UTC] PHP Warning:  Illegal offset type in isset or empty in /Applications/MAMP/htdocs/jetstream-aviation/wp-includes/class-wp-walker.php on line 140
[07-Apr-2016 00:47:56 UTC] PHP Warning:  Illegal offset type in isset or empty in /Applications/MAMP/htdocs/jetstream-aviation/wp-includes/class-wp-walker.php on line 149
[07-Apr-2016 00:47:56 UTC] PHP Warning:  Illegal offset type in isset or empty in /Applications/MAMP/htdocs/jetstream-aviation/wp-includes/class-wp-walker.php on line 140
[07-Apr-2016 00:47:56 UTC] PHP Warning:  Illegal offset type in isset or empty in /Applications/MAMP/htdocs/jetstream-aviation/wp-includes/class-wp-walker.php on line 149
[07-Apr-2016 00:47:56 UTC] PHP Warning:  Illegal offset type in isset or empty in /Applications/MAMP/htdocs/jetstream-aviation/wp-includes/class-wp-walker.php on line 140
[07-Apr-2016 00:47:56 UTC] PHP Warning:  Illegal offset type in isset or empty in /Applications/MAMP/htdocs/jetstream-aviation/wp-includes/class-wp-walker.php on line 149
[07-Apr-2016 00:48:43 UTC] PHP Warning:  Illegal offset type in isset or empty in /Applications/MAMP/htdocs/jetstream-aviation/wp-includes/class-wp-walker.php on line 140
[07-Apr-2016 00:48:43 UTC] PHP Warning:  Illegal offset type in isset or empty in /Applications/MAMP/htdocs/jetstream-aviation/wp-includes/class-wp-walker.php on line 149
[07-Apr-2016 00:48:43 UTC] PHP Warning:  Illegal offset type in isset or empty in /Applications/MAMP/htdocs/jetstream-aviation/wp-includes/class-wp-walker.php on line 140
[07-Apr-2016 00:48:43 UTC] PHP Warning:  Illegal offset type in isset or empty in /Applications/MAMP/htdocs/jetstream-aviation/wp-includes/class-wp-walker.php on line 149
[07-Apr-2016 00:48:43 UTC] PHP Warning:  Illegal offset type in isset or empty in /Applications/MAMP/htdocs/jetstream-aviation/wp-includes/class-wp-walker.php on line 140
[07-Apr-2016 00:48:43 UTC] PHP Warning:  Illegal offset type in isset or empty in /Applications/MAMP/htdocs/jetstream-aviation/wp-includes/class-wp-walker.php on line 149
[07-Apr-2016 00:48:43 UTC] PHP Warning:  Illegal offset type in isset or empty in /Applications/MAMP/htdocs/jetstream-aviation/wp-includes/class-wp-walker.php on line 140
[07-Apr-2016 00:48:43 UTC] PHP Warning:  Illegal offset type in isset or empty in /Applications/MAMP/htdocs/jetstream-aviation/wp-includes/class-wp-walker.php on line 149
[07-Apr-2016 00:48:43 UTC] PHP Warning:  Illegal offset type in isset or empty in /Applications/MAMP/htdocs/jetstream-aviation/wp-includes/class-wp-walker.php on line 140
[07-Apr-2016 00:48:43 UTC] PHP Warning:  Illegal offset type in isset or empty in /Applications/MAMP/htdocs/jetstream-aviation/wp-includes/class-wp-walker.php on line 149
[07-Apr-2016 00:48:43 UTC] PHP Warning:  Illegal offset type in isset or empty in /Applications/MAMP/htdocs/jetstream-aviation/wp-includes/class-wp-walker.php on line 140
[07-Apr-2016 00:48:43 UTC] PHP Warning:  Illegal offset type in isset or empty in /Applications/MAMP/htdocs/jetstream-aviation/wp-includes/class-wp-walker.php on line 149
[07-Apr-2016 00:48:43 UTC] PHP Warning:  Illegal offset type in isset or empty in /Applications/MAMP/htdocs/jetstream-aviation/wp-includes/class-wp-walker.php on line 140
[07-Apr-2016 00:48:43 UTC] PHP Warning:  Illegal offset type in isset or empty in /Applications/MAMP/htdocs/jetstream-aviation/wp-includes/class-wp-walker.php on line 149
[07-Apr-2016 00:50:38 UTC] PHP Warning:  Illegal offset type in isset or empty in /Applications/MAMP/htdocs/jetstream-aviation/wp-includes/class-wp-walker.php on line 140
[07-Apr-2016 00:50:38 UTC] PHP Warning:  Illegal offset type in isset or empty in /Applications/MAMP/htdocs/jetstream-aviation/wp-includes/class-wp-walker.php on line 149
[07-Apr-2016 00:50:38 UTC] PHP Warning:  Illegal offset type in isset or empty in /Applications/MAMP/htdocs/jetstream-aviation/wp-includes/class-wp-walker.php on line 140
[07-Apr-2016 00:50:38 UTC] PHP Warning:  Illegal offset type in isset or empty in /Applications/MAMP/htdocs/jetstream-aviation/wp-includes/class-wp-walker.php on line 149
[07-Apr-2016 00:50:38 UTC] PHP Warning:  Illegal offset type in isset or empty in /Applications/MAMP/htdocs/jetstream-aviation/wp-includes/class-wp-walker.php on line 140
[07-Apr-2016 00:50:38 UTC] PHP Warning:  Illegal offset type in isset or empty in /Applications/MAMP/htdocs/jetstream-aviation/wp-includes/class-wp-walker.php on line 149
[07-Apr-2016 00:50:38 UTC] PHP Warning:  Illegal offset type in isset or empty in /Applications/MAMP/htdocs/jetstream-aviation/wp-includes/class-wp-walker.php on line 140
[07-Apr-2016 00:50:38 UTC] PHP Warning:  Illegal offset type in isset or empty in /Applications/MAMP/htdocs/jetstream-aviation/wp-includes/class-wp-walker.php on line 149
[07-Apr-2016 00:50:38 UTC] PHP Warning:  Illegal offset type in isset or empty in /Applications/MAMP/htdocs/jetstream-aviation/wp-includes/class-wp-walker.php on line 140
[07-Apr-2016 00:50:38 UTC] PHP Warning:  Illegal offset type in isset or empty in /Applications/MAMP/htdocs/jetstream-aviation/wp-includes/class-wp-walker.php on line 149
[07-Apr-2016 00:50:38 UTC] PHP Warning:  Illegal offset type in isset or empty in /Applications/MAMP/htdocs/jetstream-aviation/wp-includes/class-wp-walker.php on line 140
[07-Apr-2016 00:50:38 UTC] PHP Warning:  Illegal offset type in isset or empty in /Applications/MAMP/htdocs/jetstream-aviation/wp-includes/class-wp-walker.php on line 149
[07-Apr-2016 00:50:38 UTC] PHP Warning:  Illegal offset type in isset or empty in /Applications/MAMP/htdocs/jetstream-aviation/wp-includes/class-wp-walker.php on line 140
[07-Apr-2016 00:50:38 UTC] PHP Warning:  Illegal offset type in isset or empty in /Applications/MAMP/htdocs/jetstream-aviation/wp-includes/class-wp-walker.php on line 149
[07-Apr-2016 00:50:40 UTC] PHP Warning:  Illegal offset type in isset or empty in /Applications/MAMP/htdocs/jetstream-aviation/wp-includes/class-wp-walker.php on line 140
[07-Apr-2016 00:50:40 UTC] PHP Warning:  Illegal offset type in isset or empty in /Applications/MAMP/htdocs/jetstream-aviation/wp-includes/class-wp-walker.php on line 149
[07-Apr-2016 00:50:40 UTC] PHP Warning:  Illegal offset type in isset or empty in /Applications/MAMP/htdocs/jetstream-aviation/wp-includes/class-wp-walker.php on line 140
[07-Apr-2016 00:50:40 UTC] PHP Warning:  Illegal offset type in isset or empty in /Applications/MAMP/htdocs/jetstream-aviation/wp-includes/class-wp-walker.php on line 149
[07-Apr-2016 00:50:40 UTC] PHP Warning:  Illegal offset type in isset or empty in /Applications/MAMP/htdocs/jetstream-aviation/wp-includes/class-wp-walker.php on line 140
[07-Apr-2016 00:50:40 UTC] PHP Warning:  Illegal offset type in isset or empty in /Applications/MAMP/htdocs/jetstream-aviation/wp-includes/class-wp-walker.php on line 149
[07-Apr-2016 00:50:40 UTC] PHP Warning:  Illegal offset type in isset or empty in /Applications/MAMP/htdocs/jetstream-aviation/wp-includes/class-wp-walker.php on line 140
[07-Apr-2016 00:50:40 UTC] PHP Warning:  Illegal offset type in isset or empty in /Applications/MAMP/htdocs/jetstream-aviation/wp-includes/class-wp-walker.php on line 149
[07-Apr-2016 00:50:40 UTC] PHP Warning:  Illegal offset type in isset or empty in /Applications/MAMP/htdocs/jetstream-aviation/wp-includes/class-wp-walker.php on line 140
[07-Apr-2016 00:50:40 UTC] PHP Warning:  Illegal offset type in isset or empty in /Applications/MAMP/htdocs/jetstream-aviation/wp-includes/class-wp-walker.php on line 149
[07-Apr-2016 00:50:40 UTC] PHP Warning:  Illegal offset type in isset or empty in /Applications/MAMP/htdocs/jetstream-aviation/wp-includes/class-wp-walker.php on line 140
[07-Apr-2016 00:50:40 UTC] PHP Warning:  Illegal offset type in isset or empty in /Applications/MAMP/htdocs/jetstream-aviation/wp-includes/class-wp-walker.php on line 149
[07-Apr-2016 00:50:40 UTC] PHP Warning:  Illegal offset type in isset or empty in /Applications/MAMP/htdocs/jetstream-aviation/wp-includes/class-wp-walker.php on line 140
[07-Apr-2016 00:50:40 UTC] PHP Warning:  Illegal offset type in isset or empty in /Applications/MAMP/htdocs/jetstream-aviation/wp-includes/class-wp-walker.php on line 149
[07-Apr-2016 00:50:50 UTC] PHP Warning:  Illegal offset type in isset or empty in /Applications/MAMP/htdocs/jetstream-aviation/wp-includes/class-wp-walker.php on line 140
[07-Apr-2016 00:50:50 UTC] PHP Warning:  Illegal offset type in isset or empty in /Applications/MAMP/htdocs/jetstream-aviation/wp-includes/class-wp-walker.php on line 149
[07-Apr-2016 00:50:50 UTC] PHP Warning:  Illegal offset type in isset or empty in /Applications/MAMP/htdocs/jetstream-aviation/wp-includes/class-wp-walker.php on line 140
[07-Apr-2016 00:50:50 UTC] PHP Warning:  Illegal offset type in isset or empty in /Applications/MAMP/htdocs/jetstream-aviation/wp-includes/class-wp-walker.php on line 149
[07-Apr-2016 00:50:50 UTC] PHP Warning:  Illegal offset type in isset or empty in /Applications/MAMP/htdocs/jetstream-aviation/wp-includes/class-wp-walker.php on line 140
[07-Apr-2016 00:50:50 UTC] PHP Warning:  Illegal offset type in isset or empty in /Applications/MAMP/htdocs/jetstream-aviation/wp-includes/class-wp-walker.php on line 149
[07-Apr-2016 00:50:50 UTC] PHP Warning:  Illegal offset type in isset or empty in /Applications/MAMP/htdocs/jetstream-aviation/wp-includes/class-wp-walker.php on line 140
[07-Apr-2016 00:50:50 UTC] PHP Warning:  Illegal offset type in isset or empty in /Applications/MAMP/htdocs/jetstream-aviation/wp-includes/class-wp-walker.php on line 149
[07-Apr-2016 00:50:50 UTC] PHP Warning:  Illegal offset type in isset or empty in /Applications/MAMP/htdocs/jetstream-aviation/wp-includes/class-wp-walker.php on line 140
[07-Apr-2016 00:50:50 UTC] PHP Warning:  Illegal offset type in isset or empty in /Applications/MAMP/htdocs/jetstream-aviation/wp-includes/class-wp-walker.php on line 149
[07-Apr-2016 00:50:50 UTC] PHP Warning:  Illegal offset type in isset or empty in /Applications/MAMP/htdocs/jetstream-aviation/wp-includes/class-wp-walker.php on line 140
[07-Apr-2016 00:50:50 UTC] PHP Warning:  Illegal offset type in isset or empty in /Applications/MAMP/htdocs/jetstream-aviation/wp-includes/class-wp-walker.php on line 149
[07-Apr-2016 00:50:50 UTC] PHP Warning:  Illegal offset type in isset or empty in /Applications/MAMP/htdocs/jetstream-aviation/wp-includes/class-wp-walker.php on line 140
[07-Apr-2016 00:50:50 UTC] PHP Warning:  Illegal offset type in isset or empty in /Applications/MAMP/htdocs/jetstream-aviation/wp-includes/class-wp-walker.php on line 149
[07-Apr-2016 00:50:51 UTC] PHP Warning:  Illegal offset type in isset or empty in /Applications/MAMP/htdocs/jetstream-aviation/wp-includes/class-wp-walker.php on line 140
[07-Apr-2016 00:50:51 UTC] PHP Warning:  Illegal offset type in isset or empty in /Applications/MAMP/htdocs/jetstream-aviation/wp-includes/class-wp-walker.php on line 149
[07-Apr-2016 00:50:51 UTC] PHP Warning:  Illegal offset type in isset or empty in /Applications/MAMP/htdocs/jetstream-aviation/wp-includes/class-wp-walker.php on line 140
[07-Apr-2016 00:50:51 UTC] PHP Warning:  Illegal offset type in isset or empty in /Applications/MAMP/htdocs/jetstream-aviation/wp-includes/class-wp-walker.php on line 149
[07-Apr-2016 00:50:51 UTC] PHP Warning:  Illegal offset type in isset or empty in /Applications/MAMP/htdocs/jetstream-aviation/wp-includes/class-wp-walker.php on line 140
[07-Apr-2016 00:50:51 UTC] PHP Warning:  Illegal offset type in isset or empty in /Applications/MAMP/htdocs/jetstream-aviation/wp-includes/class-wp-walker.php on line 149
[07-Apr-2016 00:50:51 UTC] PHP Warning:  Illegal offset type in isset or empty in /Applications/MAMP/htdocs/jetstream-aviation/wp-includes/class-wp-walker.php on line 140
[07-Apr-2016 00:50:51 UTC] PHP Warning:  Illegal offset type in isset or empty in /Applications/MAMP/htdocs/jetstream-aviation/wp-includes/class-wp-walker.php on line 149
[07-Apr-2016 00:50:51 UTC] PHP Warning:  Illegal offset type in isset or empty in /Applications/MAMP/htdocs/jetstream-aviation/wp-includes/class-wp-walker.php on line 140
[07-Apr-2016 00:50:51 UTC] PHP Warning:  Illegal offset type in isset or empty in /Applications/MAMP/htdocs/jetstream-aviation/wp-includes/class-wp-walker.php on line 149
[07-Apr-2016 00:50:51 UTC] PHP Warning:  Illegal offset type in isset or empty in /Applications/MAMP/htdocs/jetstream-aviation/wp-includes/class-wp-walker.php on line 140
[07-Apr-2016 00:50:51 UTC] PHP Warning:  Illegal offset type in isset or empty in /Applications/MAMP/htdocs/jetstream-aviation/wp-includes/class-wp-walker.php on line 149
[07-Apr-2016 00:50:51 UTC] PHP Warning:  Illegal offset type in isset or empty in /Applications/MAMP/htdocs/jetstream-aviation/wp-includes/class-wp-walker.php on line 140
[07-Apr-2016 00:50:51 UTC] PHP Warning:  Illegal offset type in isset or empty in /Applications/MAMP/htdocs/jetstream-aviation/wp-includes/class-wp-walker.php on line 149
[07-Apr-2016 00:51:51 UTC] PHP Warning:  Illegal offset type in isset or empty in /Applications/MAMP/htdocs/jetstream-aviation/wp-includes/class-wp-walker.php on line 140
[07-Apr-2016 00:51:51 UTC] PHP Warning:  Illegal offset type in isset or empty in /Applications/MAMP/htdocs/jetstream-aviation/wp-includes/class-wp-walker.php on line 149
[07-Apr-2016 00:51:51 UTC] PHP Warning:  Illegal offset type in isset or empty in /Applications/MAMP/htdocs/jetstream-aviation/wp-includes/class-wp-walker.php on line 140
[07-Apr-2016 00:51:51 UTC] PHP Warning:  Illegal offset type in isset or empty in /Applications/MAMP/htdocs/jetstream-aviation/wp-includes/class-wp-walker.php on line 149
[07-Apr-2016 00:51:51 UTC] PHP Warning:  Illegal offset type in isset or empty in /Applications/MAMP/htdocs/jetstream-aviation/wp-includes/class-wp-walker.php on line 140
[07-Apr-2016 00:51:51 UTC] PHP Warning:  Illegal offset type in isset or empty in /Applications/MAMP/htdocs/jetstream-aviation/wp-includes/class-wp-walker.php on line 149
[07-Apr-2016 00:51:51 UTC] PHP Warning:  Illegal offset type in isset or empty in /Applications/MAMP/htdocs/jetstream-aviation/wp-includes/class-wp-walker.php on line 140
[07-Apr-2016 00:51:51 UTC] PHP Warning:  Illegal offset type in isset or empty in /Applications/MAMP/htdocs/jetstream-aviation/wp-includes/class-wp-walker.php on line 149
[07-Apr-2016 00:51:51 UTC] PHP Warning:  Illegal offset type in isset or empty in /Applications/MAMP/htdocs/jetstream-aviation/wp-includes/class-wp-walker.php on line 140
[07-Apr-2016 00:51:51 UTC] PHP Warning:  Illegal offset type in isset or empty in /Applications/MAMP/htdocs/jetstream-aviation/wp-includes/class-wp-walker.php on line 149
[07-Apr-2016 00:51:51 UTC] PHP Warning:  Illegal offset type in isset or empty in /Applications/MAMP/htdocs/jetstream-aviation/wp-includes/class-wp-walker.php on line 140
[07-Apr-2016 00:51:51 UTC] PHP Warning:  Illegal offset type in isset or empty in /Applications/MAMP/htdocs/jetstream-aviation/wp-includes/class-wp-walker.php on line 149
[07-Apr-2016 00:51:51 UTC] PHP Warning:  Illegal offset type in isset or empty in /Applications/MAMP/htdocs/jetstream-aviation/wp-includes/class-wp-walker.php on line 140
[07-Apr-2016 00:51:51 UTC] PHP Warning:  Illegal offset type in isset or empty in /Applications/MAMP/htdocs/jetstream-aviation/wp-includes/class-wp-walker.php on line 149
[07-Apr-2016 00:51:52 UTC] PHP Warning:  Illegal offset type in isset or empty in /Applications/MAMP/htdocs/jetstream-aviation/wp-includes/class-wp-walker.php on line 140
[07-Apr-2016 00:51:52 UTC] PHP Warning:  Illegal offset type in isset or empty in /Applications/MAMP/htdocs/jetstream-aviation/wp-includes/class-wp-walker.php on line 149
[07-Apr-2016 00:51:52 UTC] PHP Warning:  Illegal offset type in isset or empty in /Applications/MAMP/htdocs/jetstream-aviation/wp-includes/class-wp-walker.php on line 140
[07-Apr-2016 00:51:52 UTC] PHP Warning:  Illegal offset type in isset or empty in /Applications/MAMP/htdocs/jetstream-aviation/wp-includes/class-wp-walker.php on line 149
[07-Apr-2016 00:51:52 UTC] PHP Warning:  Illegal offset type in isset or empty in /Applications/MAMP/htdocs/jetstream-aviation/wp-includes/class-wp-walker.php on line 140
[07-Apr-2016 00:51:52 UTC] PHP Warning:  Illegal offset type in isset or empty in /Applications/MAMP/htdocs/jetstream-aviation/wp-includes/class-wp-walker.php on line 149
[07-Apr-2016 00:51:52 UTC] PHP Warning:  Illegal offset type in isset or empty in /Applications/MAMP/htdocs/jetstream-aviation/wp-includes/class-wp-walker.php on line 140
[07-Apr-2016 00:51:52 UTC] PHP Warning:  Illegal offset type in isset or empty in /Applications/MAMP/htdocs/jetstream-aviation/wp-includes/class-wp-walker.php on line 149
[07-Apr-2016 00:51:52 UTC] PHP Warning:  Illegal offset type in isset or empty in /Applications/MAMP/htdocs/jetstream-aviation/wp-includes/class-wp-walker.php on line 140
[07-Apr-2016 00:51:52 UTC] PHP Warning:  Illegal offset type in isset or empty in /Applications/MAMP/htdocs/jetstream-aviation/wp-includes/class-wp-walker.php on line 149
[07-Apr-2016 00:51:52 UTC] PHP Warning:  Illegal offset type in isset or empty in /Applications/MAMP/htdocs/jetstream-aviation/wp-includes/class-wp-walker.php on line 140
[07-Apr-2016 00:51:52 UTC] PHP Warning:  Illegal offset type in isset or empty in /Applications/MAMP/htdocs/jetstream-aviation/wp-includes/class-wp-walker.php on line 149
[07-Apr-2016 00:51:52 UTC] PHP Warning:  Illegal offset type in isset or empty in /Applications/MAMP/htdocs/jetstream-aviation/wp-includes/class-wp-walker.php on line 140
[07-Apr-2016 00:51:52 UTC] PHP Warning:  Illegal offset type in isset or empty in /Applications/MAMP/htdocs/jetstream-aviation/wp-includes/class-wp-walker.php on line 149
[07-Apr-2016 00:51:53 UTC] PHP Warning:  Illegal offset type in isset or empty in /Applications/MAMP/htdocs/jetstream-aviation/wp-includes/class-wp-walker.php on line 140
[07-Apr-2016 00:51:53 UTC] PHP Warning:  Illegal offset type in isset or empty in /Applications/MAMP/htdocs/jetstream-aviation/wp-includes/class-wp-walker.php on line 149
[07-Apr-2016 00:51:53 UTC] PHP Warning:  Illegal offset type in isset or empty in /Applications/MAMP/htdocs/jetstream-aviation/wp-includes/class-wp-walker.php on line 140
[07-Apr-2016 00:51:53 UTC] PHP Warning:  Illegal offset type in isset or empty in /Applications/MAMP/htdocs/jetstream-aviation/wp-includes/class-wp-walker.php on line 149
[07-Apr-2016 00:51:53 UTC] PHP Warning:  Illegal offset type in isset or empty in /Applications/MAMP/htdocs/jetstream-aviation/wp-includes/class-wp-walker.php on line 140
[07-Apr-2016 00:51:53 UTC] PHP Warning:  Illegal offset type in isset or empty in /Applications/MAMP/htdocs/jetstream-aviation/wp-includes/class-wp-walker.php on line 149
[07-Apr-2016 00:51:53 UTC] PHP Warning:  Illegal offset type in isset or empty in /Applications/MAMP/htdocs/jetstream-aviation/wp-includes/class-wp-walker.php on line 140
[07-Apr-2016 00:51:53 UTC] PHP Warning:  Illegal offset type in isset or empty in /Applications/MAMP/htdocs/jetstream-aviation/wp-includes/class-wp-walker.php on line 149
[07-Apr-2016 00:51:53 UTC] PHP Warning:  Illegal offset type in isset or empty in /Applications/MAMP/htdocs/jetstream-aviation/wp-includes/class-wp-walker.php on line 140
[07-Apr-2016 00:51:53 UTC] PHP Warning:  Illegal offset type in isset or empty in /Applications/MAMP/htdocs/jetstream-aviation/wp-includes/class-wp-walker.php on line 149
[07-Apr-2016 00:51:53 UTC] PHP Warning:  Illegal offset type in isset or empty in /Applications/MAMP/htdocs/jetstream-aviation/wp-includes/class-wp-walker.php on line 140
[07-Apr-2016 00:51:53 UTC] PHP Warning:  Illegal offset type in isset or empty in /Applications/MAMP/htdocs/jetstream-aviation/wp-includes/class-wp-walker.php on line 149
[07-Apr-2016 00:51:53 UTC] PHP Warning:  Illegal offset type in isset or empty in /Applications/MAMP/htdocs/jetstream-aviation/wp-includes/class-wp-walker.php on line 140
[07-Apr-2016 00:51:53 UTC] PHP Warning:  Illegal offset type in isset or empty in /Applications/MAMP/htdocs/jetstream-aviation/wp-includes/class-wp-walker.php on line 149
[07-Apr-2016 01:17:02 UTC] PHP Fatal error:  Class 'EM_Walker_Custom_Menu' not found in /Applications/MAMP/htdocs/jetstream-aviation/wp-content/themes/jetstream-aviation/header.php on line 49
[09-Apr-2016 17:51:20 UTC] PHP Strict Standards:  Declaration of Nav_Link_Wrap::end_el() should be compatible with Walker_Nav_Menu::end_el(&$output, $item, $depth = 0, $args = Array) in /Applications/MAMP/htdocs/jetstream-aviation/wp-content/themes/jetstream-aviation/inc/custom-header.php on line 10
[11-Apr-2016 01:34:13 UTC] PHP Notice:  Undefined index: settings in /Applications/MAMP/htdocs/jetstream-aviation/wp-content/plugins/mailchimp-for-wp/includes/forms/class-admin.php on line 136
[11-Apr-2016 01:34:13 UTC] PHP Warning:  Cannot modify header information - headers already sent by (output started at /Applications/MAMP/htdocs/jetstream-aviation/wp-content/plugins/mailchimp-for-wp/includes/forms/class-admin.php:136) in /Applications/MAMP/htdocs/jetstream-aviation/wp-includes/pluggable.php on line 1228
